2022-11-22 20:49:11 [restartedMain] INFO  c.t.JavaAdvance1003DemoLog4j2Application           - Starting JavaAdvance1003DemoLog4j2Application using Java 11.0.16.1 on DESKTOP-TDM791G with PID 6492 (D:\Railway 51\IntelliJ\Java_Advance_10_03_Demo_Log4j2\target\classes started by DELL in D:\Railway 51\IntelliJ\Java_Advance_10_03_Demo_Log4j2) 
2022-11-22 20:49:11 [restartedMain] INFO  c.t.JavaAdvance1003DemoLog4j2Application           - No active profile set, falling back to 1 default profile: "default" 
2022-11-22 20:49:11 [restartedMain] INFO  o.s.b.d.e.DevToolsPropertyDefaultsPostProcessor    - Devtools property defaults active! Set 'spring.devtools.add-properties' to 'false' to disable 
2022-11-22 20:49:11 [restartedMain] INFO  o.s.b.d.e.DevToolsPropertyDefaultsPostProcessor    - For additional web related logging consider setting the 'logging.level.web' property to 'DEBUG' 
2022-11-22 20:49:12 [restartedMain] INFO  o.s.b.w.e.t.TomcatWebServer                        - Tomcat initialized with port(s): 8080 (http) 
2022-11-22 20:49:12 [restartedMain] INFO  o.a.c.h.Http11NioProtocol                          - Initializing ProtocolHandler ["http-nio-8080"] 
2022-11-22 20:49:12 [restartedMain] INFO  o.a.c.c.StandardService                            - Starting service [Tomcat] 
2022-11-22 20:49:12 [restartedMain] INFO  o.a.c.c.StandardEngine                             - Starting Servlet engine: [Apache Tomcat/9.0.68] 
2022-11-22 20:49:13 [restartedMain] INFO  o.a.c.c.C.[.[.[/]                                  - Initializing Spring embedded WebApplicationContext 
2022-11-22 20:49:13 [restartedMain] INFO  o.s.b.w.s.c.ServletWebServerApplicationContext     - Root WebApplicationContext: initialization completed in 1320 ms 
2022-11-22 20:49:13 [restartedMain] INFO  o.s.b.d.a.OptionalLiveReloadServer                 - LiveReload server is running on port 35729 
2022-11-22 20:49:13 [restartedMain] INFO  o.a.c.h.Http11NioProtocol                          - Starting ProtocolHandler ["http-nio-8080"] 
2022-11-22 20:49:13 [restartedMain] INFO  o.s.b.w.e.t.TomcatWebServer                        - Tomcat started on port(s): 8080 (http) with context path '' 
2022-11-22 20:49:13 [restartedMain] INFO  c.t.JavaAdvance1003DemoLog4j2Application           - Started JavaAdvance1003DemoLog4j2Application in 2.374 seconds (JVM running for 4.36) 
2022-11-22 20:49:16 [http-nio-8080-exec-1] INFO  o.a.c.c.C.[.[.[/]                                  - Initializing Spring DispatcherServlet 'dispatcherServlet' 
2022-11-22 20:49:16 [http-nio-8080-exec-1] INFO  o.s.w.s.DispatcherServlet                          - Initializing Servlet 'dispatcherServlet' 
2022-11-22 20:49:16 [http-nio-8080-exec-1] INFO  o.s.w.s.DispatcherServlet                          - Completed initialization in 3 ms 
2022-11-22 20:49:16 [http-nio-8080-exec-1] INFO  c.t.c.productcontroller                            - Start getting list of products 
2022-11-22 20:49:16 [http-nio-8080-exec-1] INFO  c.t.c.productcontroller                            - Start parsing string to int 
2022-11-22 20:49:16 [http-nio-8080-exec-1] ERROR c.t.c.productcontroller                            - Parse string p to int error 
2022-11-22 20:49:16 [http-nio-8080-exec-1] ERROR c.t.c.productcontroller                            - java.lang.NumberFormatException: For input string: "p" 
